
> packup@0.1.0 build
> next build

   ▲ Next.js 15.5.0
   - Environments: .env.local

   Creating an optimized production build ...
 ✓ Compiled successfully in 2.4s
   Skipping validation of types
   Skipping linting
   Collecting page data ...
ENV DEBUG { bucket: 'packup-images', googleKey: 'SET', googleCx: 'SET' }
   Generating static pages (0/20) ...
   Generating static pages (5/20) 
   Generating static pages (10/20) 
   Generating static pages (15/20) 
ENV DEBUG { bucket: 'packup-images', googleKey: 'SET', googleCx: 'SET' }
 ✓ Generating static pages (20/20)
   Finalizing page optimization ...
   Collecting build traces ...

Route (app)                                 Size  First Load JS
┌ ○ /                                     1.1 kB         103 kB
├ ○ /_not-found                            991 B         103 kB
├ ƒ /api/activities/search                 159 B         102 kB
├ ƒ /api/chat                              159 B         102 kB
├ ƒ /api/db/ping                           159 B         102 kB
├ ƒ /api/debug/env                         159 B         102 kB
├ ƒ /api/debug/service-export              159 B         102 kB
├ ƒ /api/debug/whoami                      159 B         102 kB
├ ƒ /api/flights/search                    159 B         102 kB
├ ƒ /api/hotels/search                     159 B         102 kB
├ ƒ /api/itinerary                         159 B         102 kB
├ ƒ /api/logs/ingest                       159 B         102 kB
├ ƒ /api/ping                              159 B         102 kB
├ ƒ /api/privacy/delete                    159 B         102 kB
├ ƒ /api/privacy/export                    159 B         102 kB
├ ○ /privacy                               159 B         102 kB
└ ○ /terms                                 159 B         102 kB
+ First Load JS shared by all             102 kB
  ├ chunks/255-01c481785f268126.js       45.7 kB
  ├ chunks/4bd1b696-c023c6e3521b1417.js  54.2 kB
  └ other shared chunks (total)           1.9 kB


○  (Static)   prerendered as static content
ƒ  (Dynamic)  server-rendered on demand

